[Rank 0] 2025-07-22 13:14:24,469 - INFO - BLIP3-o configurations loaded successfully
[Rank 0] 2025-07-22 13:14:24,470 - INFO -   ✅ Memory optimization features available
[Rank 0] 2025-07-22 13:14:27,187 - INFO - ✅ Global BLIP3-o model loaded successfully
[Rank 0] 2025-07-22 13:14:27,188 - INFO - ✅ Using Global BLIP3-o model as primary model
[Rank 0] 2025-07-22 13:14:27,188 - INFO - BLIP3-o global model loaded successfully
[Rank 0] 2025-07-22 13:14:27,189 - INFO - ✅ Global flow matching loss loaded successfully
[Rank 0] 2025-07-22 13:14:27,189 - INFO - ✅ Using Global flow matching loss as primary loss
[Rank 0] 2025-07-22 13:14:27,189 - INFO - BLIP3-o global loss function loaded successfully
[Rank 0] 2025-07-22 13:14:27,191 - INFO - ✅ Using enhanced DDP dataloaders as default
[Rank 0] 2025-07-22 13:14:27,191 - INFO - BLIP3-o datasets loaded successfully (default: enhanced_ddp)
[Rank 0] 2025-07-22 13:14:27,266 - INFO - PyTorch version 2.7.1 available.
[Rank 0] 2025-07-22 13:14:27,497 - INFO - ✅ Using Enhanced BLIP3-o trainer as default
[Rank 0] 2025-07-22 13:14:27,498 - INFO - ✅ Using dual supervision inference as default
[Rank 0] 2025-07-22 13:14:27,498 - INFO - BLIP3-o inference loaded successfully (default: dual_supervision)
[Rank 0] 2025-07-22 13:14:27,500 - INFO - BLIP3-o utils loaded successfully
[Rank 0] 2025-07-22 13:14:27,500 - INFO -   ✅ Enhanced multi-GPU features available
[Rank 0] 2025-07-22 13:14:27,500 - INFO -   ✅ Temp management features available
[Rank 0] 2025-07-22 13:14:27,500 - INFO - Enhanced multi-GPU patches available for global training
[Rank 0] 2025-07-22 13:14:27,500 - INFO - BLIP3-o Global Training modules loaded successfully (version 1.0.0-global)
[Rank 0] 2025-07-22 13:14:27,500 - INFO - 🎯 Ready for high-performance global feature training!
[Rank 0] 2025-07-22 13:14:32,825 - INFO - Loaded manifest: 30 shards, 78,475 samples
[Rank 0] 2025-07-22 13:14:32,826 - INFO - Found 30 shard files:
[Rank 0] 2025-07-22 13:14:32,827 - INFO -   embeddings_shard_00000.pkl (EXISTS)
[Rank 0] 2025-07-22 13:14:32,827 - INFO -   embeddings_shard_00001.pkl (EXISTS)
[Rank 0] 2025-07-22 13:14:32,827 - INFO -   embeddings_shard_00002.pkl (EXISTS)
[Rank 0] 2025-07-22 13:14:32,827 - INFO -   embeddings_shard_00003.pkl (EXISTS)
[Rank 0] 2025-07-22 13:14:32,827 - INFO -   embeddings_shard_00004.pkl (EXISTS)
[Rank 0] 2025-07-22 13:14:32,828 - INFO -   embeddings_shard_00005.pkl (EXISTS)
[Rank 0] 2025-07-22 13:14:32,828 - INFO -   embeddings_shard_00006.pkl (EXISTS)
[Rank 0] 2025-07-22 13:14:32,828 - INFO -   embeddings_shard_00007.pkl (EXISTS)
[Rank 0] 2025-07-22 13:14:32,828 - INFO -   embeddings_shard_00008.pkl (EXISTS)
[Rank 0] 2025-07-22 13:14:32,829 - INFO -   embeddings_shard_00009.pkl (EXISTS)
[Rank 0] 2025-07-22 13:14:32,829 - INFO -   embeddings_shard_00010.pkl (EXISTS)
[Rank 0] 2025-07-22 13:14:32,829 - INFO -   embeddings_shard_00011.pkl (EXISTS)
[Rank 0] 2025-07-22 13:14:32,829 - INFO -   embeddings_shard_00012.pkl (EXISTS)
[Rank 0] 2025-07-22 13:14:32,829 - INFO -   embeddings_shard_00013.pkl (EXISTS)
[Rank 0] 2025-07-22 13:14:32,829 - INFO -   embeddings_shard_00014.pkl (EXISTS)
[Rank 0] 2025-07-22 13:14:32,829 - INFO -   embeddings_shard_00015.pkl (EXISTS)
[Rank 0] 2025-07-22 13:14:32,829 - INFO -   embeddings_shard_00016.pkl (EXISTS)
[Rank 0] 2025-07-22 13:14:32,829 - INFO -   embeddings_shard_00017.pkl (EXISTS)
[Rank 0] 2025-07-22 13:14:32,830 - INFO -   embeddings_shard_00018.pkl (EXISTS)
[Rank 0] 2025-07-22 13:14:32,830 - INFO -   embeddings_shard_00019.pkl (EXISTS)
[Rank 0] 2025-07-22 13:14:32,830 - INFO -   embeddings_shard_00020.pkl (EXISTS)
[Rank 0] 2025-07-22 13:14:32,830 - INFO -   embeddings_shard_00021.pkl (EXISTS)
[Rank 0] 2025-07-22 13:14:32,830 - INFO -   embeddings_shard_00022.pkl (EXISTS)
[Rank 0] 2025-07-22 13:14:32,830 - INFO -   embeddings_shard_00023.pkl (EXISTS)
[Rank 0] 2025-07-22 13:14:32,830 - INFO -   embeddings_shard_00024.pkl (EXISTS)
[Rank 0] 2025-07-22 13:14:32,831 - INFO -   embeddings_shard_00025.pkl (EXISTS)
[Rank 0] 2025-07-22 13:14:32,831 - INFO -   embeddings_shard_00026.pkl (EXISTS)
[Rank 0] 2025-07-22 13:14:32,831 - INFO -   embeddings_shard_00027.pkl (EXISTS)
[Rank 0] 2025-07-22 13:14:32,831 - INFO -   embeddings_shard_00028.pkl (EXISTS)
[Rank 0] 2025-07-22 13:14:32,831 - INFO -   embeddings_shard_00029.pkl (EXISTS)
[Rank 0] 2025-07-22 13:14:32,831 - INFO - Prepared 27 shard files for train split
[Rank 0] 2025-07-22 13:14:32,831 - INFO - Single-node mode:
[Rank 0] 2025-07-22 13:14:32,831 - INFO -   Total samples: 78,475
[Rank 0] 2025-07-22 13:14:32,831 - INFO -   Split samples (train): 70,627
[Rank 0] 2025-07-22 13:14:32,831 - INFO - ChunkedDataset initialized:
[Rank 0] 2025-07-22 13:14:32,831 - INFO -   Directory: /scratch-shared/scur2711/blip3o_workspace/embeddings/chunked_256_tokens
[Rank 0] 2025-07-22 13:14:32,831 - INFO -   Split: train
[Rank 0] 2025-07-22 13:14:32,831 - INFO -   Total shards: 27
[Rank 0] 2025-07-22 13:14:32,831 - INFO -   Estimated samples: 70,627
[Rank 0] 2025-07-22 13:14:32,832 - INFO -   Delete after use: False
[Rank 0] 2025-07-22 13:14:32,832 - INFO - IterableDataset detected: Forcing shuffle=False for DataLoader
[Rank 0] 2025-07-22 13:14:32,832 - INFO - Loaded manifest: 30 shards, 78,475 samples
[Rank 0] 2025-07-22 13:14:32,832 - INFO - Found 30 shard files:
[Rank 0] 2025-07-22 13:14:32,832 - INFO -   embeddings_shard_00000.pkl (EXISTS)
[Rank 0] 2025-07-22 13:14:32,832 - INFO -   embeddings_shard_00001.pkl (EXISTS)
[Rank 0] 2025-07-22 13:14:32,832 - INFO -   embeddings_shard_00002.pkl (EXISTS)
[Rank 0] 2025-07-22 13:14:32,832 - INFO -   embeddings_shard_00003.pkl (EXISTS)
[Rank 0] 2025-07-22 13:14:32,832 - INFO -   embeddings_shard_00004.pkl (EXISTS)
[Rank 0] 2025-07-22 13:14:32,832 - INFO -   embeddings_shard_00005.pkl (EXISTS)
[Rank 0] 2025-07-22 13:14:32,832 - INFO -   embeddings_shard_00006.pkl (EXISTS)
[Rank 0] 2025-07-22 13:14:32,833 - INFO -   embeddings_shard_00007.pkl (EXISTS)
[Rank 0] 2025-07-22 13:14:32,833 - INFO -   embeddings_shard_00008.pkl (EXISTS)
[Rank 0] 2025-07-22 13:14:32,833 - INFO -   embeddings_shard_00009.pkl (EXISTS)
[Rank 0] 2025-07-22 13:14:32,833 - INFO -   embeddings_shard_00010.pkl (EXISTS)
[Rank 0] 2025-07-22 13:14:32,833 - INFO -   embeddings_shard_00011.pkl (EXISTS)
[Rank 0] 2025-07-22 13:14:32,833 - INFO -   embeddings_shard_00012.pkl (EXISTS)
[Rank 0] 2025-07-22 13:14:32,833 - INFO -   embeddings_shard_00013.pkl (EXISTS)
[Rank 0] 2025-07-22 13:14:32,833 - INFO -   embeddings_shard_00014.pkl (EXISTS)
[Rank 0] 2025-07-22 13:14:32,833 - INFO -   embeddings_shard_00015.pkl (EXISTS)
[Rank 0] 2025-07-22 13:14:32,833 - INFO -   embeddings_shard_00016.pkl (EXISTS)
[Rank 0] 2025-07-22 13:14:32,833 - INFO -   embeddings_shard_00017.pkl (EXISTS)
[Rank 0] 2025-07-22 13:14:32,833 - INFO -   embeddings_shard_00018.pkl (EXISTS)
[Rank 0] 2025-07-22 13:14:32,833 - INFO -   embeddings_shard_00019.pkl (EXISTS)
[Rank 0] 2025-07-22 13:14:32,833 - INFO -   embeddings_shard_00020.pkl (EXISTS)
[Rank 0] 2025-07-22 13:14:32,833 - INFO -   embeddings_shard_00021.pkl (EXISTS)
[Rank 0] 2025-07-22 13:14:32,833 - INFO -   embeddings_shard_00022.pkl (EXISTS)
[Rank 0] 2025-07-22 13:14:32,833 - INFO -   embeddings_shard_00023.pkl (EXISTS)
[Rank 0] 2025-07-22 13:14:32,833 - INFO -   embeddings_shard_00024.pkl (EXISTS)
[Rank 0] 2025-07-22 13:14:32,833 - INFO -   embeddings_shard_00025.pkl (EXISTS)
[Rank 0] 2025-07-22 13:14:32,833 - INFO -   embeddings_shard_00026.pkl (EXISTS)
[Rank 0] 2025-07-22 13:14:32,833 - INFO -   embeddings_shard_00027.pkl (EXISTS)
[Rank 0] 2025-07-22 13:14:32,833 - INFO -   embeddings_shard_00028.pkl (EXISTS)
[Rank 0] 2025-07-22 13:14:32,833 - INFO -   embeddings_shard_00029.pkl (EXISTS)
[Rank 0] 2025-07-22 13:14:32,834 - INFO - Prepared 3 shard files for eval split
[Rank 0] 2025-07-22 13:14:32,834 - INFO - Single-node mode:
[Rank 0] 2025-07-22 13:14:32,834 - INFO -   Total samples: 78,475
[Rank 0] 2025-07-22 13:14:32,834 - INFO -   Split samples (eval): 7,847
[Rank 0] 2025-07-22 13:14:32,834 - INFO - ChunkedDataset initialized:
[Rank 0] 2025-07-22 13:14:32,834 - INFO -   Directory: /scratch-shared/scur2711/blip3o_workspace/embeddings/chunked_256_tokens
[Rank 0] 2025-07-22 13:14:32,834 - INFO -   Split: eval
[Rank 0] 2025-07-22 13:14:32,834 - INFO -   Total shards: 3
[Rank 0] 2025-07-22 13:14:32,834 - INFO -   Estimated samples: 7,847
[Rank 0] 2025-07-22 13:14:32,834 - INFO -   Delete after use: False
[Rank 0] 2025-07-22 13:14:32,834 - INFO - IterableDataset detected: Forcing shuffle=False for DataLoader
[Rank 0] 2025-07-22 13:14:32,944 - INFO - ✅ Enhanced BLIP3-o trainer initialized
[Rank 0] 2025-07-22 13:14:32,944 - INFO - Debug mode: False
